Using pre-set license
Built from '2022.3/staging' branch; Version is '2022.3.19f1 (244b723c30a6) revision 2378610'; Using compiler version '192829333'; Build Type 'Release'
OS: 'Windows 11  (10.0.22621) 64bit CoreSingleLanguage' Language: 'ru' Physical Memory: 7103 MB
BatchMode: 1, IsHumanControllingUs: 0, StartBugReporterOnCrash: 0, Is64bit: 1, IsPro: 1

COMMAND LINE ARGUMENTS:
D:\Unity Hub\2022.3.19f1\Editor\Unity.exe
-adb2
-batchMode
-noUpm
-name
AssetImportWorker0
-projectPath
D:/Proektt/platformer
-logFile
Logs/AssetImportWorker0.log
-srvPort
58628
Successfully changed project path to: D:/Proektt/platformer
D:/Proektt/platformer
[UnityMemory] Configuration Parameters - Can be set up in boot.config
    "memorysetup-bucket-allocator-granularity=16"
    "memorysetup-bucket-allocator-bucket-count=8"
    "memorysetup-bucket-allocator-block-size=33554432"
    "memorysetup-bucket-allocator-block-count=8"
    "memorysetup-main-allocator-block-size=16777216"
    "memorysetup-thread-allocator-block-size=16777216"
    "memorysetup-gfx-main-allocator-block-size=16777216"
    "memorysetup-gfx-thread-allocator-block-size=16777216"
    "memorysetup-cache-allocator-block-size=4194304"
    "memorysetup-typetree-allocator-block-size=2097152"
    "memorysetup-profiler-bucket-allocator-granularity=16"
    "memorysetup-profiler-bucket-allocator-bucket-count=8"
    "memorysetup-profiler-bucket-allocator-block-size=33554432"
    "memorysetup-profiler-bucket-allocator-block-count=8"
    "memorysetup-profiler-allocator-block-size=16777216"
    "memorysetup-profiler-editor-allocator-block-size=1048576"
    "memorysetup-temp-allocator-size-main=16777216"
    "memorysetup-job-temp-allocator-block-size=2097152"
    "memorysetup-job-temp-allocator-block-size-background=1048576"
    "memorysetup-job-temp-allocator-reduction-small-platforms=262144"
    "memorysetup-allocator-temp-initial-block-size-main=262144"
    "memorysetup-allocator-temp-initial-block-size-worker=262144"
    "memorysetup-temp-allocator-size-background-worker=32768"
    "memorysetup-temp-allocator-size-job-worker=262144"
    "memorysetup-temp-allocator-size-preload-manager=33554432"
    "memorysetup-temp-allocator-size-nav-mesh-worker=65536"
    "memorysetup-temp-allocator-size-audio-worker=65536"
    "memorysetup-temp-allocator-size-cloud-worker=32768"
    "memorysetup-temp-allocator-size-gi-baking-worker=262144"
    "memorysetup-temp-allocator-size-gfx=262144"
Player connection [11224] Host "[IP] 192.168.0.4 [Port] 0 [Flags] 2 [Guid] 1909792226 [EditorId] 1909792226 [Version] 1048832 [Id] WindowsEditor(7,LAPTOP-V0PMP4A4) [Debug] 1 [PackageName] WindowsEditor [ProjectName] Editor" joined multi-casting on [225.0.0.222:54997]...

Player connection [11224] Host "[IP] 192.168.0.4 [Port] 0 [Flags] 2 [Guid] 1909792226 [EditorId] 1909792226 [Version] 1048832 [Id] WindowsEditor(7,LAPTOP-V0PMP4A4) [Debug] 1 [PackageName] WindowsEditor [ProjectName] Editor" joined alternative multi-casting on [225.0.0.222:34997]...

[Physics::Module] Initialized MultithreadedJobDispatcher with 7 workers.
Refreshing native plugins compatible for Editor in 334.36 ms, found 7 plugins.
Preloading 0 native plugins for Editor in 0.00 ms.
Initialize engine version: 2022.3.19f1 (244b723c30a6)
[Subsystems] Discovering subsystems at path D:/Unity Hub/2022.3.19f1/Editor/Data/Resources/UnitySubsystems
[Subsystems] Discovering subsystems at path D:/Proektt/platformer/Assets
GfxDevice: creating device client; threaded=0; jobified=0
Direct3D:
    Version:  Direct3D 11.0 [level 11.1]
    Renderer: AMD Radeon(TM) Vega 8 Graphics (ID=0x15d8)
    Vendor:   ATI
    VRAM:     3551 MB
    Driver:   26.20.11030.22001
Initialize mono
Mono path[0] = 'D:/Unity Hub/2022.3.19f1/Editor/Data/Managed'
Mono path[1] = 'D:/Unity Hub/2022.3.19f1/Editor/Data/MonoBleedingEdge/lib/mono/unityjit-win32'
Mono config path = 'D:/Unity Hub/2022.3.19f1/Editor/Data/MonoBleedingEdge/etc'
Using monoOptions --debugger-agent=transport=dt_socket,embedding=1,server=y,suspend=n,address=127.0.0.1:56080
Begin MonoManager ReloadAssembly
Registering precompiled unity dll's ...
Register platform support module: D:/Unity Hub/2022.3.19f1/Editor/Data/PlaybackEngines/WebGLSupport/UnityEditor.WebGL.Extensions.dll
Register platform support module: D:/Unity Hub/2022.3.19f1/Editor/Data/PlaybackEngines/WindowsStandaloneSupport/UnityEditor.WindowsStandalone.Extensions.dll
Registered in 0.015538 seconds.
- Loaded All Assemblies, in  2.325 seconds
Native extension for WindowsStandalone target not found
Native extension for WebGL target not found
Mono: successfully reloaded assembly
- Finished resetting the current domain, in  0.592 seconds
Domain Reload Profiling: 2917ms
	BeginReloadAssembly (314ms)
		ExecutionOrderSort (0ms)
		DisableScriptedObjects (0ms)
		BackupInstance (0ms)
		ReleaseScriptingObjects (0ms)
		CreateAndSetChildDomain (1ms)
	RebuildCommonClasses (458ms)
	RebuildNativeTypeToScriptingClass (19ms)
	initialDomainReloadingComplete (100ms)
	LoadAllAssembliesAndSetupDomain (1433ms)
		LoadAssemblies (315ms)
		RebuildTransferFunctionScriptingTraits (0ms)
		AnalyzeDomain (1428ms)
			TypeCache.Refresh (1425ms)
				TypeCache.ScanAssembly (979ms)
			ScanForSourceGeneratedMonoScriptInfo (1ms)
			ResolveRequiredComponents (1ms)
	FinalizeReload (593ms)
		ReleaseScriptCaches (0ms)
		RebuildScriptCaches (0ms)
		SetupLoadedEditorAssemblies (465ms)
			LogAssemblyErrors (0ms)
			InitializePlatformSupportModulesInManaged (20ms)
			SetLoadedEditorAssemblies (13ms)
			RefreshPlugins (0ms)
			BeforeProcessingInitializeOnLoad (5ms)
			ProcessInitializeOnLoadAttributes (323ms)
			ProcessInitializeOnLoadMethodAttributes (104ms)
			AfterProcessingInitializeOnLoad (0ms)
			EditorAssembliesLoaded (0ms)
		ExecutionOrderSort2 (0ms)
		AwakeInstancesAfterBackupRestoration (0ms)
========================================================================
Worker process is ready to serve import requests
Begin MonoManager ReloadAssembly
- Loaded All Assemblies, in  5.243 seconds
Refreshing native plugins compatible for Editor in 11.18 ms, found 7 plugins.
Native extension for WindowsStandalone target not found
Native extension for WebGL target not found
Package Manager log level set to [2]
[Package Manager] Server::EnsureServerProcessIsRunning -- launch failed, reason: Unity was launched with the -noUpm command-line argument
[Package Manager] UpmClient::Send -- Unable to send message (not connected to UPM process).
[Package Manager] Cannot connect to Unity Package Manager local server
Mono: successfully reloaded assembly
- Finished resetting the current domain, in  1.794 seconds
Domain Reload Profiling: 7031ms
	BeginReloadAssembly (511ms)
		ExecutionOrderSort (0ms)
		DisableScriptedObjects (21ms)
		BackupInstance (0ms)
		ReleaseScriptingObjects (0ms)
		CreateAndSetChildDomain (61ms)
	RebuildCommonClasses (105ms)
	RebuildNativeTypeToScriptingClass (22ms)
	initialDomainReloadingComplete (130ms)
	LoadAllAssembliesAndSetupDomain (4469ms)
		LoadAssemblies (4174ms)
		RebuildTransferFunctionScriptingTraits (0ms)
		AnalyzeDomain (587ms)
			TypeCache.Refresh (509ms)
				TypeCache.ScanAssembly (372ms)
			ScanForSourceGeneratedMonoScriptInfo (62ms)
			ResolveRequiredComponents (14ms)
	FinalizeReload (1795ms)
		ReleaseScriptCaches (0ms)
		RebuildScriptCaches (0ms)
		SetupLoadedEditorAssemblies (1267ms)
			LogAssemblyErrors (0ms)
			InitializePlatformSupportModulesInManaged (16ms)
			SetLoadedEditorAssemblies (9ms)
			RefreshPlugins (0ms)
			BeforeProcessingInitializeOnLoad (175ms)
			ProcessInitializeOnLoadAttributes (942ms)
			ProcessInitializeOnLoadMethodAttributes (111ms)
			AfterProcessingInitializeOnLoad (13ms)
			EditorAssembliesLoaded (1ms)
		ExecutionOrderSort2 (0ms)
		AwakeInstancesAfterBackupRestoration (38ms)
Launched and connected shader compiler UnityShaderCompiler.exe after 0.28 seconds
Refreshing native plugins compatible for Editor in 20.09 ms, found 7 plugins.
Preloading 0 native plugins for Editor in 0.00 ms.
Unloading 4221 Unused Serialized files (Serialized files now loaded: 0)
Unloading 76 unused Assets / (247.7 KB). Loaded Objects now: 4673.
Memory consumption went from 154.6 MB to 154.4 MB.
Total: 12.863700 ms (FindLiveObjects: 1.057900 ms CreateObjectMapping: 0.915000 ms MarkObjects: 9.495900 ms  DeleteObjects: 1.390700 ms)

AssetImportParameters requested are different than current active one (requested -> active):
  custom:container-demuxer-ogg: 62fdf1f143b41e24485cea50d1cbac27 -> 
  custom:video-codec-MediaFoundation-h265: 746d11721c4dcdbdad8f713fa42b33f4 -> 
  custom:scripting/monoscript/fileName/ItemSpawner.cs: ecade9564d16175d29b6cc109a96c56d -> 4e8c3c7882809ad4f78d264785dff7a1
  custom:video-decoder-ogg-theora: a1e56fd34408186e4bbccfd4996cb3dc -> 
  custom:framework-win-MediaFoundation: 216162199b28c13a410421893ffa2e32 -> 
  custom:CustomObjectIndexerAttribute: 6d391050e5a25f67b0a2c618074f2cd9 -> 
  custom:scripting/monoscript/fileName/PlayerMover.cs: b49245a54ffbb3ec96f0551c1bdecaa0 -> 4425ac8545faa947479b501e67412a36
  custom:container-demuxer-webm: 4f35f7cbe854078d1ac9338744f61a02 -> 
  custom:scripting/monoscript/fileName/EnemyMover.cs: dc63a8aec2cd897e79c26cc5bde44577 -> d60be6ae7098e7c492f12a3d81f3c6b1
  custom:scripting/monoscript/fileName/Health.cs: e0cc46be09b95eca6156bb4ae431b815 -> 0e01c5d611b7e6f68d551fd8377c081b
  custom:container-muxer-webm: aa71ff27fc2769a1b78a27578f13a17b -> 
  custom:video-decoder-webm-vp8: 9c59270c3fd7afecdb556c50c9e8de78 -> 
  custom:SearchIndexIgnoredProperties: e643bd26f0fe6173181afceb89e7c659 -> 
  custom:AudioImporter_EditorPlatform: d09bf68614088b80899f8185d706f6e7 -> 
  custom:scripting/monoscript/fileName/HealthCollection.cs: 87f9da5bae3bed1cd25a6e1524d0c856 -> 48585e84961cb60a21657f2798a02b2b
  custom:scripting/monoscript/fileName/Attack.cs: c27890840a76fc26cbac2f9fd357b6a9 -> 40f7f9ebceb8c107df83f7681c67349c
  custom:scripting/monoscript/fileName/LifeDrain.cs: 87ca484a1df59eac37235c3d5900baa2 -> eab925a7a4dc105fedd694013a6d70e2
  custom:video-encoder-webm-vp8: eb34c28f22e8b96e1ab97ce403110664 -> 
  custom:scripting/monoscript/fileName/TextGuide.cs: 60004e1e676bb1c2ebfdaffe046aaa58 -> 
  custom:audio-decoder-ogg-vorbis: bf7c407c2cedff20999df2af8eb42d56 -> 
  custom:scripting/monoscript/fileName/Item.cs: c2b7fc65fe255f985743270ca947d8ec -> edfd25bbe8f561e55c7415f9c3adacfe
  custom:scripting/monoscript/fileName/Heal.cs: 995819939d448d62b66acc60d25e81ff -> d3f6b1543bac469176068a55a6e97de6
  custom:scripting/monoscript/fileName/СollectingСoins.cs: 5cee0eddac6cd3d001c276b9513f88ef -> 30c26e37f828a719a5cac19b2b6cf007
  custom:scripting/monoscript/fileName/TriggerAttak.cs: d69e3850afc545e98111d69082ba8614 -> 353edf6b986889d7efc8e37ebb030946
  custom:audio-encoder-webm-vorbis: bf7c407c2cedff20999df2af8eb42d56 -> 
  custom:scripting/monoscript/fileName/Coin.cs: 92d286584bfefece0fc9962ea3708cd3 -> 619f3eee3888c45b850590cb583d64bd
  custom:scripting/monoscript/fileName/RunningAnimation.cs: b4602f374dcb64147db3e87dc4dc618c -> fb5002bfa0ffbe2ce598c08b29e8c508
========================================================================
Received Import Request.
  Time since last request: 234931.933011 seconds.
  path: Assets/Scripts/Attack.cs
  artifactKey: Guid(4e5b2b28f010cc541b66358cf5f262dd) Importer(815301076,1909f56bfc062723c751e8b465ee728b)
Start importing Assets/Scripts/Attack.cs using Guid(4e5b2b28f010cc541b66358cf5f262dd) Importer(815301076,1909f56bfc062723c751e8b465ee728b)  -> (artifact id: '6a9f0fc0b97114bffa019fa7a078d677') in 0.004725 seconds
Number of updated asset objects reloaded before import = 0
Number of asset objects unloaded after import = 0
========================================================================
Received Prepare
Begin MonoManager ReloadAssembly
- Loaded All Assemblies, in  1.021 seconds
Refreshing native plugins compatible for Editor in 13.25 ms, found 7 plugins.
Native extension for WindowsStandalone target not found
Native extension for WebGL target not found
[Package Manager] Server::EnsureServerProcessIsRunning -- launch failed, reason: Unity was launched with the -noUpm command-line argument
[Package Manager] UpmClient::Send -- Unable to send message (not connected to UPM process).
[Package Manager] Cannot connect to Unity Package Manager local server
Mono: successfully reloaded assembly
- Finished resetting the current domain, in  3.538 seconds
Domain Reload Profiling: 4557ms
	BeginReloadAssembly (349ms)
		ExecutionOrderSort (0ms)
		DisableScriptedObjects (21ms)
		BackupInstance (0ms)
		ReleaseScriptingObjects (0ms)
		CreateAndSetChildDomain (67ms)
	RebuildCommonClasses (66ms)
	RebuildNativeTypeToScriptingClass (20ms)
	initialDomainReloadingComplete (53ms)
	LoadAllAssembliesAndSetupDomain (530ms)
		LoadAssemblies (703ms)
		RebuildTransferFunctionScriptingTraits (0ms)
		AnalyzeDomain (45ms)
			TypeCache.Refresh (14ms)
				TypeCache.ScanAssembly (0ms)
			ScanForSourceGeneratedMonoScriptInfo (18ms)
			ResolveRequiredComponents (11ms)
	FinalizeReload (3539ms)
		ReleaseScriptCaches (0ms)
		RebuildScriptCaches (0ms)
		SetupLoadedEditorAssemblies (1031ms)
			LogAssemblyErrors (0ms)
			InitializePlatformSupportModulesInManaged (12ms)
			SetLoadedEditorAssemblies (6ms)
			RefreshPlugins (0ms)
			BeforeProcessingInitializeOnLoad (135ms)
			ProcessInitializeOnLoadAttributes (737ms)
			ProcessInitializeOnLoadMethodAttributes (131ms)
			AfterProcessingInitializeOnLoad (9ms)
			EditorAssembliesLoaded (1ms)
		ExecutionOrderSort2 (0ms)
		AwakeInstancesAfterBackupRestoration (39ms)
Refreshing native plugins compatible for Editor in 14.44 ms, found 7 plugins.
Preloading 0 native plugins for Editor in 0.00 ms.
Unloading 4194 Unused Serialized files (Serialized files now loaded: 0)
Unloading 48 unused Assets / (220.0 KB). Loaded Objects now: 4678.
Memory consumption went from 150.0 MB to 149.8 MB.
Total: 6.532100 ms (FindLiveObjects: 0.603900 ms CreateObjectMapping: 0.368800 ms MarkObjects: 5.153100 ms  DeleteObjects: 0.404500 ms)

Prepare: number of updated asset objects reloaded= 0
AssetImportParameters requested are different than current active one (requested -> active):
  custom:container-demuxer-ogg: 62fdf1f143b41e24485cea50d1cbac27 -> 
  custom:video-codec-MediaFoundation-h265: 746d11721c4dcdbdad8f713fa42b33f4 -> 
  custom:scripting/monoscript/fileName/ItemSpawner.cs: ecade9564d16175d29b6cc109a96c56d -> 4e8c3c7882809ad4f78d264785dff7a1
  custom:video-decoder-ogg-theora: a1e56fd34408186e4bbccfd4996cb3dc -> 
  custom:framework-win-MediaFoundation: 216162199b28c13a410421893ffa2e32 -> 
  custom:CustomObjectIndexerAttribute: 6d391050e5a25f67b0a2c618074f2cd9 -> 
  custom:scripting/monoscript/fileName/PlayerMover.cs: b49245a54ffbb3ec96f0551c1bdecaa0 -> 4425ac8545faa947479b501e67412a36
  custom:container-demuxer-webm: 4f35f7cbe854078d1ac9338744f61a02 -> 
  custom:scripting/monoscript/fileName/EnemyMover.cs: dc63a8aec2cd897e79c26cc5bde44577 -> d60be6ae7098e7c492f12a3d81f3c6b1
  custom:scripting/monoscript/fileName/Health.cs: e0cc46be09b95eca6156bb4ae431b815 -> 0e01c5d611b7e6f68d551fd8377c081b
  custom:container-muxer-webm: aa71ff27fc2769a1b78a27578f13a17b -> 
  custom:video-decoder-webm-vp8: 9c59270c3fd7afecdb556c50c9e8de78 -> 
  custom:SearchIndexIgnoredProperties: e643bd26f0fe6173181afceb89e7c659 -> 
  custom:AudioImporter_EditorPlatform: d09bf68614088b80899f8185d706f6e7 -> 
  custom:scripting/monoscript/fileName/HealthCollection.cs: 87f9da5bae3bed1cd25a6e1524d0c856 -> 48585e84961cb60a21657f2798a02b2b
  custom:scripting/monoscript/fileName/Attack.cs: c27890840a76fc26cbac2f9fd357b6a9 -> 40f7f9ebceb8c107df83f7681c67349c
  custom:scripting/monoscript/fileName/LifeDrain.cs: 87ca484a1df59eac37235c3d5900baa2 -> eab925a7a4dc105fedd694013a6d70e2
  custom:video-encoder-webm-vp8: eb34c28f22e8b96e1ab97ce403110664 -> 
  custom:scripting/monoscript/fileName/TextGuide.cs: 60004e1e676bb1c2ebfdaffe046aaa58 -> 
  custom:audio-decoder-ogg-vorbis: bf7c407c2cedff20999df2af8eb42d56 -> 
  custom:scripting/monoscript/fileName/Item.cs: c2b7fc65fe255f985743270ca947d8ec -> edfd25bbe8f561e55c7415f9c3adacfe
  custom:scripting/monoscript/fileName/Heal.cs: 995819939d448d62b66acc60d25e81ff -> d3f6b1543bac469176068a55a6e97de6
  custom:scripting/monoscript/fileName/СollectingСoins.cs: 5cee0eddac6cd3d001c276b9513f88ef -> 30c26e37f828a719a5cac19b2b6cf007
  custom:scripting/monoscript/fileName/TriggerAttak.cs: d69e3850afc545e98111d69082ba8614 -> 353edf6b986889d7efc8e37ebb030946
  custom:audio-encoder-webm-vorbis: bf7c407c2cedff20999df2af8eb42d56 -> 
  custom:scripting/monoscript/fileName/Coin.cs: 92d286584bfefece0fc9962ea3708cd3 -> 619f3eee3888c45b850590cb583d64bd
  custom:scripting/monoscript/fileName/RunningAnimation.cs: b4602f374dcb64147db3e87dc4dc618c -> fb5002bfa0ffbe2ce598c08b29e8c508
========================================================================
Received Import Request.
  Time since last request: 196.971741 seconds.
  path: Assets/Scripts/EnemyMover.cs
  artifactKey: Guid(7c7dbab1644a4984abfe621c20b2fc3f) Importer(815301076,1909f56bfc062723c751e8b465ee728b)
Start importing Assets/Scripts/EnemyMover.cs using Guid(7c7dbab1644a4984abfe621c20b2fc3f) Importer(815301076,1909f56bfc062723c751e8b465ee728b)  -> (artifact id: 'd5f2500647685f982cff8bc611c5c981') in 0.004146 seconds
Number of updated asset objects reloaded before import = 0
Number of asset objects unloaded after import = 0
========================================================================
Received Prepare
Begin MonoManager ReloadAssembly
- Loaded All Assemblies, in  1.109 seconds
Refreshing native plugins compatible for Editor in 12.24 ms, found 7 plugins.
Native extension for WindowsStandalone target not found
Native extension for WebGL target not found
[Package Manager] Server::EnsureServerProcessIsRunning -- launch failed, reason: Unity was launched with the -noUpm command-line argument
[Package Manager] UpmClient::Send -- Unable to send message (not connected to UPM process).
[Package Manager] Cannot connect to Unity Package Manager local server
Mono: successfully reloaded assembly
- Finished resetting the current domain, in  3.378 seconds
Domain Reload Profiling: 4485ms
	BeginReloadAssembly (361ms)
		ExecutionOrderSort (0ms)
		DisableScriptedObjects (21ms)
		BackupInstance (0ms)
		ReleaseScriptingObjects (0ms)
		CreateAndSetChildDomain (66ms)
	RebuildCommonClasses (77ms)
	RebuildNativeTypeToScriptingClass (23ms)
	initialDomainReloadingComplete (62ms)
	LoadAllAssembliesAndSetupDomain (583ms)
		LoadAssemblies (754ms)
		RebuildTransferFunctionScriptingTraits (0ms)
		AnalyzeDomain (61ms)
			TypeCache.Refresh (22ms)
				TypeCache.ScanAssembly (2ms)
			ScanForSourceGeneratedMonoScriptInfo (26ms)
			ResolveRequiredComponents (11ms)
	FinalizeReload (3379ms)
		ReleaseScriptCaches (0ms)
		RebuildScriptCaches (0ms)
		SetupLoadedEditorAssemblies (879ms)
			LogAssemblyErrors (0ms)
			InitializePlatformSupportModulesInManaged (11ms)
			SetLoadedEditorAssemblies (7ms)
			RefreshPlugins (0ms)
			BeforeProcessingInitializeOnLoad (131ms)
			ProcessInitializeOnLoadAttributes (646ms)
			ProcessInitializeOnLoadMethodAttributes (76ms)
			AfterProcessingInitializeOnLoad (7ms)
			EditorAssembliesLoaded (1ms)
		ExecutionOrderSort2 (0ms)
		AwakeInstancesAfterBackupRestoration (33ms)
Refreshing native plugins compatible for Editor in 15.09 ms, found 7 plugins.
Preloading 0 native plugins for Editor in 0.00 ms.
Unloading 4194 Unused Serialized files (Serialized files now loaded: 0)
Unloading 48 unused Assets / (220.1 KB). Loaded Objects now: 4682.
Memory consumption went from 152.0 MB to 151.8 MB.
Total: 8.519400 ms (FindLiveObjects: 0.865300 ms CreateObjectMapping: 0.731200 ms MarkObjects: 6.451600 ms  DeleteObjects: 0.469500 ms)

Prepare: number of updated asset objects reloaded= 0
AssetImportParameters requested are different than current active one (requested -> active):
  custom:container-demuxer-ogg: 62fdf1f143b41e24485cea50d1cbac27 -> 
  custom:video-codec-MediaFoundation-h265: 746d11721c4dcdbdad8f713fa42b33f4 -> 
  custom:scripting/monoscript/fileName/ItemSpawner.cs: ecade9564d16175d29b6cc109a96c56d -> 4e8c3c7882809ad4f78d264785dff7a1
  custom:video-decoder-ogg-theora: a1e56fd34408186e4bbccfd4996cb3dc -> 
  custom:framework-win-MediaFoundation: 216162199b28c13a410421893ffa2e32 -> 
  custom:CustomObjectIndexerAttribute: 6d391050e5a25f67b0a2c618074f2cd9 -> 
  custom:scripting/monoscript/fileName/PlayerMover.cs: b49245a54ffbb3ec96f0551c1bdecaa0 -> 4425ac8545faa947479b501e67412a36
  custom:container-demuxer-webm: 4f35f7cbe854078d1ac9338744f61a02 -> 
  custom:scripting/monoscript/fileName/EnemyMover.cs: dc63a8aec2cd897e79c26cc5bde44577 -> d60be6ae7098e7c492f12a3d81f3c6b1
  custom:scripting/monoscript/fileName/Health.cs: e0cc46be09b95eca6156bb4ae431b815 -> 0e01c5d611b7e6f68d551fd8377c081b
  custom:container-muxer-webm: aa71ff27fc2769a1b78a27578f13a17b -> 
  custom:video-decoder-webm-vp8: 9c59270c3fd7afecdb556c50c9e8de78 -> 
  custom:SearchIndexIgnoredProperties: e643bd26f0fe6173181afceb89e7c659 -> 
  custom:AudioImporter_EditorPlatform: d09bf68614088b80899f8185d706f6e7 -> 
  custom:scripting/monoscript/fileName/HealthCollection.cs: 87f9da5bae3bed1cd25a6e1524d0c856 -> 48585e84961cb60a21657f2798a02b2b
  custom:scripting/monoscript/fileName/Attack.cs: c27890840a76fc26cbac2f9fd357b6a9 -> 40f7f9ebceb8c107df83f7681c67349c
  custom:scripting/monoscript/fileName/LifeDrain.cs: 87ca484a1df59eac37235c3d5900baa2 -> eab925a7a4dc105fedd694013a6d70e2
  custom:video-encoder-webm-vp8: eb34c28f22e8b96e1ab97ce403110664 -> 
  custom:scripting/monoscript/fileName/TextGuide.cs: 60004e1e676bb1c2ebfdaffe046aaa58 -> 
  custom:audio-decoder-ogg-vorbis: bf7c407c2cedff20999df2af8eb42d56 -> 
  custom:scripting/monoscript/fileName/Item.cs: c2b7fc65fe255f985743270ca947d8ec -> edfd25bbe8f561e55c7415f9c3adacfe
  custom:scripting/monoscript/fileName/Heal.cs: 995819939d448d62b66acc60d25e81ff -> d3f6b1543bac469176068a55a6e97de6
  custom:scripting/monoscript/fileName/СollectingСoins.cs: 5cee0eddac6cd3d001c276b9513f88ef -> 30c26e37f828a719a5cac19b2b6cf007
  custom:scripting/monoscript/fileName/TriggerAttak.cs: d69e3850afc545e98111d69082ba8614 -> 353edf6b986889d7efc8e37ebb030946
  custom:audio-encoder-webm-vorbis: bf7c407c2cedff20999df2af8eb42d56 -> 
  custom:scripting/monoscript/fileName/Coin.cs: 92d286584bfefece0fc9962ea3708cd3 -> 619f3eee3888c45b850590cb583d64bd
  custom:scripting/monoscript/fileName/RunningAnimation.cs: b4602f374dcb64147db3e87dc4dc618c -> fb5002bfa0ffbe2ce598c08b29e8c508
========================================================================
Received Import Request.
  Time since last request: 35.410096 seconds.
  path: Assets/Scripts/Health.cs
  artifactKey: Guid(6e48cec74e690c4428cc7df2b3c9973a) Importer(815301076,1909f56bfc062723c751e8b465ee728b)
Start importing Assets/Scripts/Health.cs using Guid(6e48cec74e690c4428cc7df2b3c9973a) Importer(815301076,1909f56bfc062723c751e8b465ee728b)  -> (artifact id: '4d49dfe5278209afaa22537eaf6669ba') in 0.004353 seconds
Number of updated asset objects reloaded before import = 0
Number of asset objects unloaded after import = 0
========================================================================
Received Import Request.
  Time since last request: 70.559703 seconds.
  path: Assets/Scripts/Health.cs
  artifactKey: Guid(6e48cec74e690c4428cc7df2b3c9973a) Importer(815301076,1909f56bfc062723c751e8b465ee728b)
Start importing Assets/Scripts/Health.cs using Guid(6e48cec74e690c4428cc7df2b3c9973a) Importer(815301076,1909f56bfc062723c751e8b465ee728b)  -> (artifact id: 'a7b579fba8786da327fee323971add5d') in 0.001174 seconds
Number of updated asset objects reloaded before import = 0
Number of asset objects unloaded after import = 0
========================================================================
Received Prepare
Begin MonoManager ReloadAssembly
- Loaded All Assemblies, in  0.973 seconds
Refreshing native plugins compatible for Editor in 12.65 ms, found 7 plugins.
Native extension for WindowsStandalone target not found
Native extension for WebGL target not found
[Package Manager] Server::EnsureServerProcessIsRunning -- launch failed, reason: Unity was launched with the -noUpm command-line argument
[Package Manager] UpmClient::Send -- Unable to send message (not connected to UPM process).
[Package Manager] Cannot connect to Unity Package Manager local server
Mono: successfully reloaded assembly
- Finished resetting the current domain, in  3.416 seconds
Domain Reload Profiling: 4388ms
	BeginReloadAssembly (315ms)
		ExecutionOrderSort (0ms)
		DisableScriptedObjects (19ms)
		BackupInstance (0ms)
		ReleaseScriptingObjects (0ms)
		CreateAndSetChildDomain (66ms)
	RebuildCommonClasses (69ms)
	RebuildNativeTypeToScriptingClass (19ms)
	initialDomainReloadingComplete (55ms)
	LoadAllAssembliesAndSetupDomain (514ms)
		LoadAssemblies (658ms)
		RebuildTransferFunctionScriptingTraits (0ms)
		AnalyzeDomain (46ms)
			TypeCache.Refresh (15ms)
				TypeCache.ScanAssembly (1ms)
			ScanForSourceGeneratedMonoScriptInfo (17ms)
			ResolveRequiredComponents (12ms)
	FinalizeReload (3417ms)
		ReleaseScriptCaches (0ms)
		RebuildScriptCaches (0ms)
		SetupLoadedEditorAssemblies (936ms)
			LogAssemblyErrors (0ms)
			InitializePlatformSupportModulesInManaged (15ms)
			SetLoadedEditorAssemblies (7ms)
			RefreshPlugins (0ms)
			BeforeProcessingInitializeOnLoad (141ms)
			ProcessInitializeOnLoadAttributes (691ms)
			ProcessInitializeOnLoadMethodAttributes (73ms)
			AfterProcessingInitializeOnLoad (7ms)
			EditorAssembliesLoaded (1ms)
		ExecutionOrderSort2 (0ms)
		AwakeInstancesAfterBackupRestoration (33ms)
Refreshing native plugins compatible for Editor in 14.30 ms, found 7 plugins.
Preloading 0 native plugins for Editor in 0.00 ms.
Unloading 4194 Unused Serialized files (Serialized files now loaded: 0)
Unloading 48 unused Assets / (219.8 KB). Loaded Objects now: 4686.
Memory consumption went from 153.9 MB to 153.7 MB.
Total: 6.809900 ms (FindLiveObjects: 0.653800 ms CreateObjectMapping: 0.644900 ms MarkObjects: 5.119400 ms  DeleteObjects: 0.389800 ms)

Prepare: number of updated asset objects reloaded= 0
AssetImportParameters requested are different than current active one (requested -> active):
  custom:container-demuxer-ogg: 62fdf1f143b41e24485cea50d1cbac27 -> 
  custom:video-codec-MediaFoundation-h265: 746d11721c4dcdbdad8f713fa42b33f4 -> 
  custom:scripting/monoscript/fileName/ItemSpawner.cs: ecade9564d16175d29b6cc109a96c56d -> 4e8c3c7882809ad4f78d264785dff7a1
  custom:video-decoder-ogg-theora: a1e56fd34408186e4bbccfd4996cb3dc -> 
  custom:framework-win-MediaFoundation: 216162199b28c13a410421893ffa2e32 -> 
  custom:CustomObjectIndexerAttribute: 6d391050e5a25f67b0a2c618074f2cd9 -> 
  custom:scripting/monoscript/fileName/PlayerMover.cs: b49245a54ffbb3ec96f0551c1bdecaa0 -> 4425ac8545faa947479b501e67412a36
  custom:container-demuxer-webm: 4f35f7cbe854078d1ac9338744f61a02 -> 
  custom:scripting/monoscript/fileName/EnemyMover.cs: dc63a8aec2cd897e79c26cc5bde44577 -> d60be6ae7098e7c492f12a3d81f3c6b1
  custom:scripting/monoscript/fileName/Health.cs: e0cc46be09b95eca6156bb4ae431b815 -> 0e01c5d611b7e6f68d551fd8377c081b
  custom:container-muxer-webm: aa71ff27fc2769a1b78a27578f13a17b -> 
  custom:video-decoder-webm-vp8: 9c59270c3fd7afecdb556c50c9e8de78 -> 
  custom:SearchIndexIgnoredProperties: e643bd26f0fe6173181afceb89e7c659 -> 
  custom:AudioImporter_EditorPlatform: d09bf68614088b80899f8185d706f6e7 -> 
  custom:scripting/monoscript/fileName/HealthCollection.cs: 87f9da5bae3bed1cd25a6e1524d0c856 -> 48585e84961cb60a21657f2798a02b2b
  custom:scripting/monoscript/fileName/Attack.cs: c27890840a76fc26cbac2f9fd357b6a9 -> 40f7f9ebceb8c107df83f7681c67349c
  custom:scripting/monoscript/fileName/LifeDrain.cs: 87ca484a1df59eac37235c3d5900baa2 -> eab925a7a4dc105fedd694013a6d70e2
  custom:video-encoder-webm-vp8: eb34c28f22e8b96e1ab97ce403110664 -> 
  custom:scripting/monoscript/fileName/TextGuide.cs: 60004e1e676bb1c2ebfdaffe046aaa58 -> 
  custom:audio-decoder-ogg-vorbis: bf7c407c2cedff20999df2af8eb42d56 -> 
  custom:scripting/monoscript/fileName/Item.cs: c2b7fc65fe255f985743270ca947d8ec -> edfd25bbe8f561e55c7415f9c3adacfe
  custom:scripting/monoscript/fileName/Heal.cs: 995819939d448d62b66acc60d25e81ff -> d3f6b1543bac469176068a55a6e97de6
  custom:scripting/monoscript/fileName/СollectingСoins.cs: 5cee0eddac6cd3d001c276b9513f88ef -> 30c26e37f828a719a5cac19b2b6cf007
  custom:scripting/monoscript/fileName/TriggerAttak.cs: d69e3850afc545e98111d69082ba8614 -> 353edf6b986889d7efc8e37ebb030946
  custom:audio-encoder-webm-vorbis: bf7c407c2cedff20999df2af8eb42d56 -> 
  custom:scripting/monoscript/fileName/Coin.cs: 92d286584bfefece0fc9962ea3708cd3 -> 619f3eee3888c45b850590cb583d64bd
  custom:scripting/monoscript/fileName/RunningAnimation.cs: b4602f374dcb64147db3e87dc4dc618c -> fb5002bfa0ffbe2ce598c08b29e8c508
========================================================================
Received Import Request.
  Time since last request: 41.241600 seconds.
  path: Assets/Scripts/Coin.cs
  artifactKey: Guid(aecda01ad39030346bd209e028d77b77) Importer(815301076,1909f56bfc062723c751e8b465ee728b)
Start importing Assets/Scripts/Coin.cs using Guid(aecda01ad39030346bd209e028d77b77) Importer(815301076,1909f56bfc062723c751e8b465ee728b)  -> (artifact id: '635c7bbc120cd660b8301e618007c61e') in 0.003409 seconds
Number of updated asset objects reloaded before import = 0
Number of asset objects unloaded after import = 0
========================================================================
Received Import Request.
  Time since last request: 14.050103 seconds.
  path: Assets/Scripts/HealthCollection.cs
  artifactKey: Guid(c3c53da8df2fea643b87957a8c4ae1e7) Importer(815301076,1909f56bfc062723c751e8b465ee728b)
Start importing Assets/Scripts/HealthCollection.cs using Guid(c3c53da8df2fea643b87957a8c4ae1e7) Importer(815301076,1909f56bfc062723c751e8b465ee728b)  -> (artifact id: 'f52c0535c54bfef10e254244e59aaee7') in 0.000898 seconds
Number of updated asset objects reloaded before import = 0
Number of asset objects unloaded after import = 0
========================================================================
Received Import Request.
  Time since last request: 58.536865 seconds.
  path: Assets/Scripts/HealthCollection.cs
  artifactKey: Guid(c3c53da8df2fea643b87957a8c4ae1e7) Importer(815301076,1909f56bfc062723c751e8b465ee728b)
Start importing Assets/Scripts/HealthCollection.cs using Guid(c3c53da8df2fea643b87957a8c4ae1e7) Importer(815301076,1909f56bfc062723c751e8b465ee728b)  -> (artifact id: '88f7e09b59ee5bec95b4550a300ccf53') in 0.001231 seconds
Number of updated asset objects reloaded before import = 0
Number of asset objects unloaded after import = 0
========================================================================
Received Prepare
Begin MonoManager ReloadAssembly
- Loaded All Assemblies, in  1.142 seconds
Refreshing native plugins compatible for Editor in 13.94 ms, found 7 plugins.
Native extension for WindowsStandalone target not found
Native extension for WebGL target not found
[Package Manager] Server::EnsureServerProcessIsRunning -- launch failed, reason: Unity was launched with the -noUpm command-line argument
[Package Manager] UpmClient::Send -- Unable to send message (not connected to UPM process).
[Package Manager] Cannot connect to Unity Package Manager local server
Mono: successfully reloaded assembly
- Finished resetting the current domain, in  3.915 seconds
Domain Reload Profiling: 5055ms
	BeginReloadAssembly (331ms)
		ExecutionOrderSort (0ms)
		DisableScriptedObjects (20ms)
		BackupInstance (0ms)
		ReleaseScriptingObjects (0ms)
		CreateAndSetChildDomain (59ms)
	RebuildCommonClasses (62ms)
	RebuildNativeTypeToScriptingClass (17ms)
	initialDomainReloadingComplete (46ms)
	LoadAllAssembliesAndSetupDomain (683ms)
		LoadAssemblies (839ms)
		RebuildTransferFunctionScriptingTraits (0ms)
		AnalyzeDomain (52ms)
			TypeCache.Refresh (16ms)
				TypeCache.ScanAssembly (1ms)
			ScanForSourceGeneratedMonoScriptInfo (22ms)
			ResolveRequiredComponents (12ms)
	FinalizeReload (3916ms)
		ReleaseScriptCaches (0ms)
		RebuildScriptCaches (0ms)
		SetupLoadedEditorAssemblies (1010ms)
			LogAssemblyErrors (0ms)
			InitializePlatformSupportModulesInManaged (14ms)
			SetLoadedEditorAssemblies (7ms)
			RefreshPlugins (0ms)
			BeforeProcessingInitializeOnLoad (140ms)
			ProcessInitializeOnLoadAttributes (773ms)
			ProcessInitializeOnLoadMethodAttributes (70ms)
			AfterProcessingInitializeOnLoad (7ms)
			EditorAssembliesLoaded (1ms)
		ExecutionOrderSort2 (0ms)
		AwakeInstancesAfterBackupRestoration (34ms)
Refreshing native plugins compatible for Editor in 17.43 ms, found 7 plugins.
Preloading 0 native plugins for Editor in 0.00 ms.
Unloading 4194 Unused Serialized files (Serialized files now loaded: 0)
Unloading 48 unused Assets / (220.9 KB). Loaded Objects now: 4690.
Memory consumption went from 155.8 MB to 155.6 MB.
Total: 8.052400 ms (FindLiveObjects: 0.541500 ms CreateObjectMapping: 0.791300 ms MarkObjects: 6.167800 ms  DeleteObjects: 0.549400 ms)

Prepare: number of updated asset objects reloaded= 0
AssetImportParameters requested are different than current active one (requested -> active):
  custom:container-demuxer-ogg: 62fdf1f143b41e24485cea50d1cbac27 -> 
  custom:video-codec-MediaFoundation-h265: 746d11721c4dcdbdad8f713fa42b33f4 -> 
  custom:scripting/monoscript/fileName/ItemSpawner.cs: ecade9564d16175d29b6cc109a96c56d -> 4e8c3c7882809ad4f78d264785dff7a1
  custom:video-decoder-ogg-theora: a1e56fd34408186e4bbccfd4996cb3dc -> 
  custom:framework-win-MediaFoundation: 216162199b28c13a410421893ffa2e32 -> 
  custom:CustomObjectIndexerAttribute: 6d391050e5a25f67b0a2c618074f2cd9 -> 
  custom:scripting/monoscript/fileName/PlayerMover.cs: b49245a54ffbb3ec96f0551c1bdecaa0 -> 4425ac8545faa947479b501e67412a36
  custom:container-demuxer-webm: 4f35f7cbe854078d1ac9338744f61a02 -> 
  custom:scripting/monoscript/fileName/EnemyMover.cs: dc63a8aec2cd897e79c26cc5bde44577 -> d60be6ae7098e7c492f12a3d81f3c6b1
  custom:scripting/monoscript/fileName/Health.cs: e0cc46be09b95eca6156bb4ae431b815 -> 0e01c5d611b7e6f68d551fd8377c081b
  custom:container-muxer-webm: aa71ff27fc2769a1b78a27578f13a17b -> 
  custom:video-decoder-webm-vp8: 9c59270c3fd7afecdb556c50c9e8de78 -> 
  custom:SearchIndexIgnoredProperties: e643bd26f0fe6173181afceb89e7c659 -> 
  custom:AudioImporter_EditorPlatform: d09bf68614088b80899f8185d706f6e7 -> 
  custom:scripting/monoscript/fileName/HealthCollection.cs: 87f9da5bae3bed1cd25a6e1524d0c856 -> 48585e84961cb60a21657f2798a02b2b
  custom:scripting/monoscript/fileName/Attack.cs: c27890840a76fc26cbac2f9fd357b6a9 -> 40f7f9ebceb8c107df83f7681c67349c
  custom:scripting/monoscript/fileName/LifeDrain.cs: 87ca484a1df59eac37235c3d5900baa2 -> eab925a7a4dc105fedd694013a6d70e2
  custom:video-encoder-webm-vp8: eb34c28f22e8b96e1ab97ce403110664 -> 
  custom:scripting/monoscript/fileName/TextGuide.cs: 60004e1e676bb1c2ebfdaffe046aaa58 -> 
  custom:audio-decoder-ogg-vorbis: bf7c407c2cedff20999df2af8eb42d56 -> 
  custom:scripting/monoscript/fileName/Item.cs: c2b7fc65fe255f985743270ca947d8ec -> edfd25bbe8f561e55c7415f9c3adacfe
  custom:scripting/monoscript/fileName/Heal.cs: 995819939d448d62b66acc60d25e81ff -> d3f6b1543bac469176068a55a6e97de6
  custom:scripting/monoscript/fileName/СollectingСoins.cs: 5cee0eddac6cd3d001c276b9513f88ef -> 30c26e37f828a719a5cac19b2b6cf007
  custom:scripting/monoscript/fileName/TriggerAttak.cs: d69e3850afc545e98111d69082ba8614 -> 353edf6b986889d7efc8e37ebb030946
  custom:audio-encoder-webm-vorbis: bf7c407c2cedff20999df2af8eb42d56 -> 
  custom:scripting/monoscript/fileName/Coin.cs: 92d286584bfefece0fc9962ea3708cd3 -> 619f3eee3888c45b850590cb583d64bd
  custom:scripting/monoscript/fileName/RunningAnimation.cs: b4602f374dcb64147db3e87dc4dc618c -> fb5002bfa0ffbe2ce598c08b29e8c508
========================================================================
Received Import Request.
  Time since last request: 60.531619 seconds.
  path: Assets/Scripts/Item.cs
  artifactKey: Guid(370ebcdf22795de409ae3b07250863ad) Importer(815301076,1909f56bfc062723c751e8b465ee728b)
Start importing Assets/Scripts/Item.cs using Guid(370ebcdf22795de409ae3b07250863ad) Importer(815301076,1909f56bfc062723c751e8b465ee728b)  -> (artifact id: '1e0eb1a96ea0dff83e04ebac5e0a88f8') in 0.003531 seconds
Number of updated asset objects reloaded before import = 0
Number of asset objects unloaded after import = 0
========================================================================
Received Import Request.
  Time since last request: 1.079741 seconds.
  path: Assets/Scripts/LifeDrain.cs
  artifactKey: Guid(dc3048e4b4f12244795327e95fc86e17) Importer(815301076,1909f56bfc062723c751e8b465ee728b)
Start importing Assets/Scripts/LifeDrain.cs using Guid(dc3048e4b4f12244795327e95fc86e17) Importer(815301076,1909f56bfc062723c751e8b465ee728b)  -> (artifact id: '07db0ee65102d66ff79dd07546bbd12f') in 0.000844 seconds
Number of updated asset objects reloaded before import = 0
Number of asset objects unloaded after import = 0
========================================================================
Received Import Request.
  Time since last request: 4.871996 seconds.
  path: Assets/Scripts/PlayerMover.cs
  artifactKey: Guid(0942242dff9488a41a609243f7f11588) Importer(815301076,1909f56bfc062723c751e8b465ee728b)
Start importing Assets/Scripts/PlayerMover.cs using Guid(0942242dff9488a41a609243f7f11588) Importer(815301076,1909f56bfc062723c751e8b465ee728b)  -> (artifact id: '3703a83e635229d4cf98dc04ec6960b8') in 0.000790 seconds
Number of updated asset objects reloaded before import = 0
Number of asset objects unloaded after import = 0
========================================================================
Received Import Request.
  Time since last request: 17.359665 seconds.
  path: Assets/Scripts/RunningAnimation.cs
  artifactKey: Guid(d6e615d975bd90a458946ee3e3291836) Importer(815301076,1909f56bfc062723c751e8b465ee728b)
Start importing Assets/Scripts/RunningAnimation.cs using Guid(d6e615d975bd90a458946ee3e3291836) Importer(815301076,1909f56bfc062723c751e8b465ee728b)  -> (artifact id: '51ef41a41c254e6b4e467c2ad317e1f7') in 0.000917 seconds
Number of updated asset objects reloaded before import = 0
Number of asset objects unloaded after import = 0
========================================================================
Received Import Request.
  Time since last request: 8.368925 seconds.
  path: Assets/Scripts/TriggerAttak.cs
  artifactKey: Guid(a33b746fc5c9a454f901d22fc20d6f46) Importer(815301076,1909f56bfc062723c751e8b465ee728b)
Start importing Assets/Scripts/TriggerAttak.cs using Guid(a33b746fc5c9a454f901d22fc20d6f46) Importer(815301076,1909f56bfc062723c751e8b465ee728b)  -> (artifact id: '640795d82920cd773aa2dc988fd18428') in 0.000930 seconds
Number of updated asset objects reloaded before import = 0
Number of asset objects unloaded after import = 0
========================================================================
Received Import Request.
  Time since last request: 8.654241 seconds.
  path: Assets/Scripts/СollectingСoins.cs
  artifactKey: Guid(99e18efb11d25ad4fb51247e95a62820) Importer(815301076,1909f56bfc062723c751e8b465ee728b)
Start importing Assets/Scripts/СollectingСoins.cs using Guid(99e18efb11d25ad4fb51247e95a62820) Importer(815301076,1909f56bfc062723c751e8b465ee728b)  -> (artifact id: '388b761bf14541604cc13d9c54f2508c') in 0.000875 seconds
Number of updated asset objects reloaded before import = 0
Number of asset objects unloaded after import = 0
========================================================================
Received Import Request.
  Time since last request: 25.718682 seconds.
  path: Assets/Scripts/СollectingСoins.cs
  artifactKey: Guid(99e18efb11d25ad4fb51247e95a62820) Importer(815301076,1909f56bfc062723c751e8b465ee728b)
Start importing Assets/Scripts/СollectingСoins.cs using Guid(99e18efb11d25ad4fb51247e95a62820) Importer(815301076,1909f56bfc062723c751e8b465ee728b)  -> (artifact id: '0fdf822fd85b04f55ebe05c3f36f6e7d') in 0.001350 seconds
Number of updated asset objects reloaded before import = 0
Number of asset objects unloaded after import = 0
========================================================================
Received Prepare
Begin MonoManager ReloadAssembly
- Loaded All Assemblies, in  1.145 seconds
Refreshing native plugins compatible for Editor in 11.69 ms, found 7 plugins.
Native extension for WindowsStandalone target not found
Native extension for WebGL target not found
[Package Manager] Server::EnsureServerProcessIsRunning -- launch failed, reason: Unity was launched with the -noUpm command-line argument
[Package Manager] UpmClient::Send -- Unable to send message (not connected to UPM process).
[Package Manager] Cannot connect to Unity Package Manager local server
Mono: successfully reloaded assembly
- Finished resetting the current domain, in  2.890 seconds
Domain Reload Profiling: 4034ms
	BeginReloadAssembly (365ms)
		ExecutionOrderSort (0ms)
		DisableScriptedObjects (22ms)
		BackupInstance (0ms)
		ReleaseScriptingObjects (0ms)
		CreateAndSetChildDomain (76ms)
	RebuildCommonClasses (76ms)
	RebuildNativeTypeToScriptingClass (28ms)
	initialDomainReloadingComplete (51ms)
	LoadAllAssembliesAndSetupDomain (622ms)
		LoadAssemblies (783ms)
		RebuildTransferFunctionScriptingTraits (0ms)
		AnalyzeDomain (62ms)
			TypeCache.Refresh (19ms)
				TypeCache.ScanAssembly (0ms)
			ScanForSourceGeneratedMonoScriptInfo (24ms)
			ResolveRequiredComponents (16ms)
	FinalizeReload (2891ms)
		ReleaseScriptCaches (0ms)
		RebuildScriptCaches (0ms)
		SetupLoadedEditorAssemblies (692ms)
			LogAssemblyErrors (0ms)
			InitializePlatformSupportModulesInManaged (11ms)
			SetLoadedEditorAssemblies (5ms)
			RefreshPlugins (0ms)
			BeforeProcessingInitializeOnLoad (114ms)
			ProcessInitializeOnLoadAttributes (498ms)
			ProcessInitializeOnLoadMethodAttributes (59ms)
			AfterProcessingInitializeOnLoad (6ms)
			EditorAssembliesLoaded (0ms)
		ExecutionOrderSort2 (0ms)
		AwakeInstancesAfterBackupRestoration (24ms)
Refreshing native plugins compatible for Editor in 11.44 ms, found 7 plugins.
Preloading 0 native plugins for Editor in 0.00 ms.
Unloading 4194 Unused Serialized files (Serialized files now loaded: 0)
Unloading 48 unused Assets / (219.9 KB). Loaded Objects now: 4694.
Memory consumption went from 157.8 MB to 157.6 MB.
Total: 5.633100 ms (FindLiveObjects: 0.491300 ms CreateObjectMapping: 0.190800 ms MarkObjects: 4.633100 ms  DeleteObjects: 0.316200 ms)

Prepare: number of updated asset objects reloaded= 0
AssetImportParameters requested are different than current active one (requested -> active):
  custom:container-demuxer-ogg: 62fdf1f143b41e24485cea50d1cbac27 -> 
  custom:video-codec-MediaFoundation-h265: 746d11721c4dcdbdad8f713fa42b33f4 -> 
  custom:scripting/monoscript/fileName/ItemSpawner.cs: ecade9564d16175d29b6cc109a96c56d -> 4e8c3c7882809ad4f78d264785dff7a1
  custom:video-decoder-ogg-theora: a1e56fd34408186e4bbccfd4996cb3dc -> 
  custom:framework-win-MediaFoundation: 216162199b28c13a410421893ffa2e32 -> 
  custom:CustomObjectIndexerAttribute: 6d391050e5a25f67b0a2c618074f2cd9 -> 
  custom:scripting/monoscript/fileName/PlayerMover.cs: b49245a54ffbb3ec96f0551c1bdecaa0 -> 4425ac8545faa947479b501e67412a36
  custom:container-demuxer-webm: 4f35f7cbe854078d1ac9338744f61a02 -> 
  custom:scripting/monoscript/fileName/EnemyMover.cs: dc63a8aec2cd897e79c26cc5bde44577 -> d60be6ae7098e7c492f12a3d81f3c6b1
  custom:scripting/monoscript/fileName/Health.cs: e0cc46be09b95eca6156bb4ae431b815 -> 0e01c5d611b7e6f68d551fd8377c081b
  custom:container-muxer-webm: aa71ff27fc2769a1b78a27578f13a17b -> 
  custom:video-decoder-webm-vp8: 9c59270c3fd7afecdb556c50c9e8de78 -> 
  custom:SearchIndexIgnoredProperties: e643bd26f0fe6173181afceb89e7c659 -> 
  custom:AudioImporter_EditorPlatform: d09bf68614088b80899f8185d706f6e7 -> 
  custom:scripting/monoscript/fileName/HealthCollection.cs: 87f9da5bae3bed1cd25a6e1524d0c856 -> 48585e84961cb60a21657f2798a02b2b
  custom:scripting/monoscript/fileName/Attack.cs: c27890840a76fc26cbac2f9fd357b6a9 -> 40f7f9ebceb8c107df83f7681c67349c
  custom:scripting/monoscript/fileName/LifeDrain.cs: 87ca484a1df59eac37235c3d5900baa2 -> eab925a7a4dc105fedd694013a6d70e2
  custom:video-encoder-webm-vp8: eb34c28f22e8b96e1ab97ce403110664 -> 
  custom:scripting/monoscript/fileName/TextGuide.cs: 60004e1e676bb1c2ebfdaffe046aaa58 -> 
  custom:audio-decoder-ogg-vorbis: bf7c407c2cedff20999df2af8eb42d56 -> 
  custom:scripting/monoscript/fileName/Item.cs: c2b7fc65fe255f985743270ca947d8ec -> edfd25bbe8f561e55c7415f9c3adacfe
  custom:scripting/monoscript/fileName/Heal.cs: 995819939d448d62b66acc60d25e81ff -> d3f6b1543bac469176068a55a6e97de6
  custom:scripting/monoscript/fileName/СollectingСoins.cs: 5cee0eddac6cd3d001c276b9513f88ef -> 30c26e37f828a719a5cac19b2b6cf007
  custom:scripting/monoscript/fileName/TriggerAttak.cs: d69e3850afc545e98111d69082ba8614 -> 353edf6b986889d7efc8e37ebb030946
  custom:audio-encoder-webm-vorbis: bf7c407c2cedff20999df2af8eb42d56 -> 
  custom:scripting/monoscript/fileName/Coin.cs: 92d286584bfefece0fc9962ea3708cd3 -> 619f3eee3888c45b850590cb583d64bd
  custom:scripting/monoscript/fileName/RunningAnimation.cs: b4602f374dcb64147db3e87dc4dc618c -> fb5002bfa0ffbe2ce598c08b29e8c508
========================================================================
Received Import Request.
  Time since last request: 42.110613 seconds.
  path: Assets/Coin Drop Vampire Adventures in Space/Coin/coin(1).prefab
  artifactKey: Guid(1e00b05ef29456a468af13663ea4a80b) Importer(815301076,1909f56bfc062723c751e8b465ee728b)
Start importing Assets/Coin Drop Vampire Adventures in Space/Coin/coin(1).prefab using Guid(1e00b05ef29456a468af13663ea4a80b) Importer(815301076,1909f56bfc062723c751e8b465ee728b)  -> (artifact id: 'cf54b4c0ae470d31b04e06caa65ca4ca') in 0.287962 seconds
Number of updated asset objects reloaded before import = 0
Number of asset objects unloaded after import = 26
========================================================================
Received Import Request.
  Time since last request: 2.262802 seconds.
  path: Assets/Coin Drop Vampire Adventures in Space/Enemy/Enemy.prefab
  artifactKey: Guid(3afab9d04d4521c408e13c9c895cc8fb) Importer(815301076,1909f56bfc062723c751e8b465ee728b)
Start importing Assets/Coin Drop Vampire Adventures in Space/Enemy/Enemy.prefab using Guid(3afab9d04d4521c408e13c9c895cc8fb) Importer(815301076,1909f56bfc062723c751e8b465ee728b)  -> (artifact id: 'ac1e3414b49c78fc682ece7927df6bc6') in 0.048221 seconds
Number of updated asset objects reloaded before import = 0
Number of asset objects unloaded after import = 12
========================================================================
Received Import Request.
  Time since last request: 1.395933 seconds.
  path: Assets/Coin Drop Vampire Adventures in Space/Health/Heart.prefab
  artifactKey: Guid(52af8bd8131bcaf4d84b3d88d5346247) Importer(815301076,1909f56bfc062723c751e8b465ee728b)
Start importing Assets/Coin Drop Vampire Adventures in Space/Health/Heart.prefab using Guid(52af8bd8131bcaf4d84b3d88d5346247) Importer(815301076,1909f56bfc062723c751e8b465ee728b)  -> (artifact id: '483be5415aea16dd622e410e5343b4cb') in 0.044382 seconds
Number of updated asset objects reloaded before import = 0
Number of asset objects unloaded after import = 11
========================================================================
Received Import Request.
  Time since last request: 949.051574 seconds.
  path: Assets/Scripts
  artifactKey: Guid(5df408d3de6777840a831c9f006d2e15) Importer(815301076,1909f56bfc062723c751e8b465ee728b)
Start importing Assets/Scripts using Guid(5df408d3de6777840a831c9f006d2e15) Importer(815301076,1909f56bfc062723c751e8b465ee728b)  -> (artifact id: 'e79e0bd06df43acfe020b2b8add87478') in 0.001204 seconds
Number of updated asset objects reloaded before import = 0
Number of asset objects unloaded after import = 0
